Performing C SOURCE FILE Test CMAKE_HAVE_LIBC_PTHREAD failed with the following output:
Change Dir: /root/ccfree/build/CMakeFiles/CMakeTmp

Run Build Command(s):/usr/bin/gmake cmTC_a1475/fast && /usr/bin/gmake -f CMakeFiles/cmTC_a1475.dir/build.make CMakeFiles/cmTC_a1475.dir/build
gmake[1]: 进入目录“/root/ccfree/build/CMakeFiles/CMakeTmp”
Building C object CMakeFiles/cmTC_a1475.dir/src.c.o
/opt/rh/devtoolset-8/root/usr/bin/cc   -rdynamic -O3 -fPIC -ggdb -std=c11 -Wall -Wno-deprecated -Werror -Wno-unused-function -Wno-builtin-macro-redefined -Wno-deprecated-declarations -DCMAKE_HAVE_LIBC_PTHREAD   -o CMakeFiles/cmTC_a1475.dir/src.c.o   -c /root/ccfree/build/CMakeFiles/CMakeTmp/src.c
Linking C executable cmTC_a1475
/usr/local/bin/cmake -E cmake_link_script CMakeFiles/cmTC_a1475.dir/link.txt --verbose=1
/opt/rh/devtoolset-8/root/usr/bin/cc  -rdynamic -O3 -fPIC -ggdb -std=c11 -Wall -Wno-deprecated -Werror -Wno-unused-function -Wno-builtin-macro-redefined -Wno-deprecated-declarations -DCMAKE_HAVE_LIBC_PTHREAD    -rdynamic CMakeFiles/cmTC_a1475.dir/src.c.o  -o cmTC_a1475 
CMakeFiles/cmTC_a1475.dir/src.c.o：在函数‘main’中：
/root/ccfree/build/CMakeFiles/CMakeTmp/src.c:11：对‘pthread_create’未定义的引用
/root/ccfree/build/CMakeFiles/CMakeTmp/src.c:12：对‘pthread_detach’未定义的引用
/root/ccfree/build/CMakeFiles/CMakeTmp/src.c:13：对‘pthread_join’未定义的引用
/root/ccfree/build/CMakeFiles/CMakeTmp/src.c:14：对‘pthread_atfork’未定义的引用
collect2: error: ld returned 1 exit status
gmake[1]: *** [cmTC_a1475] 错误 1
gmake[1]: 离开目录“/root/ccfree/build/CMakeFiles/CMakeTmp”
gmake: *** [cmTC_a1475/fast] 错误 2


Source file was:
#include <pthread.h>

void* test_func(void* data)
{
  return data;
}

int main(void)
{
  pthread_t thread;
  pthread_create(&thread, NULL, test_func, NULL);
  pthread_detach(thread);
  pthread_join(thread, NULL);
  pthread_atfork(NULL, NULL, NULL);
  pthread_exit(NULL);

  return 0;
}

Determining if the function pthread_create exists in the pthreads failed with the following output:
Change Dir: /root/ccfree/build/CMakeFiles/CMakeTmp

Run Build Command(s):/usr/bin/gmake cmTC_58e8a/fast && /usr/bin/gmake -f CMakeFiles/cmTC_58e8a.dir/build.make CMakeFiles/cmTC_58e8a.dir/build
gmake[1]: 进入目录“/root/ccfree/build/CMakeFiles/CMakeTmp”
Building C object CMakeFiles/cmTC_58e8a.dir/CheckFunctionExists.c.o
/opt/rh/devtoolset-8/root/usr/bin/cc   -rdynamic -O3 -fPIC -ggdb -std=c11 -Wall -Wno-deprecated -Werror -Wno-unused-function -Wno-builtin-macro-redefined -Wno-deprecated-declarations -DCHECK_FUNCTION_EXISTS=pthread_create   -o CMakeFiles/cmTC_58e8a.dir/CheckFunctionExists.c.o   -c /usr/local/share/cmake-3.15/Modules/CheckFunctionExists.c
Linking C executable cmTC_58e8a
/usr/local/bin/cmake -E cmake_link_script CMakeFiles/cmTC_58e8a.dir/link.txt --verbose=1
/opt/rh/devtoolset-8/root/usr/bin/cc  -rdynamic -O3 -fPIC -ggdb -std=c11 -Wall -Wno-deprecated -Werror -Wno-unused-function -Wno-builtin-macro-redefined -Wno-deprecated-declarations -DCHECK_FUNCTION_EXISTS=pthread_create    -rdynamic CMakeFiles/cmTC_58e8a.dir/CheckFunctionExists.c.o  -o cmTC_58e8a -lpthreads 
/opt/rh/devtoolset-8/root/usr/libexec/gcc/x86_64-redhat-linux/8/ld: 找不到 -lpthreads
collect2: error: ld returned 1 exit status
gmake[1]: *** [cmTC_58e8a] 错误 1
gmake[1]: 离开目录“/root/ccfree/build/CMakeFiles/CMakeTmp”
gmake: *** [cmTC_58e8a/fast] 错误 2



